<?xml version="1.0" encoding="UTF-8"?>
<testsuite xmlns:xsi="http://www.w3.org/2001/XMLSchema-instance" xsi:noNamespaceSchemaLocation="https://maven.apache.org/surefire/maven-surefire-plugin/xsd/surefire-test-report.xsd" name="com.tom.springboot.SpringbootApplicationTests" time="10.221" tests="1" errors="1" skipped="0" failures="0">
  <properties>
    <property name="sun.desktop" value="windows"/>
    <property name="awt.toolkit" value="sun.awt.windows.WToolkit"/>
    <property name="file.encoding.pkg" value="sun.io"/>
    <property name="java.specification.version" value="1.8"/>
    <property name="sun.cpu.isalist" value="amd64"/>
    <property name="sun.jnu.encoding" value="GBK"/>
    <property name="java.class.path" value="D:\new-station\springboot\target\test-classes;D:\new-station\springboot\target\classes;D:\.m2\org\springframework\boot\spring-boot-starter-thymeleaf\2.3.4.RELEASE\spring-boot-starter-thymeleaf-2.3.4.RELEASE.jar;D:\.m2\org\springframework\boot\spring-boot-starter\2.3.4.RELEASE\spring-boot-starter-2.3.4.RELEASE.jar;D:\.m2\org\springframework\boot\spring-boot-starter-logging\2.3.4.RELEASE\spring-boot-starter-logging-2.3.4.RELEASE.jar;D:\.m2\ch\qos\logback\logback-classic\1.2.3\logback-classic-1.2.3.jar;D:\.m2\ch\qos\logback\logback-core\1.2.3\logback-core-1.2.3.jar;D:\.m2\org\apache\logging\log4j\log4j-to-slf4j\2.13.3\log4j-to-slf4j-2.13.3.jar;D:\.m2\org\apache\logging\log4j\log4j-api\2.13.3\log4j-api-2.13.3.jar;D:\.m2\org\slf4j\jul-to-slf4j\1.7.30\jul-to-slf4j-1.7.30.jar;D:\.m2\jakarta\annotation\jakarta.annotation-api\1.3.5\jakarta.annotation-api-1.3.5.jar;D:\.m2\org\yaml\snakeyaml\1.26\snakeyaml-1.26.jar;D:\.m2\org\thymeleaf\thymeleaf-spring5\3.0.11.RELEASE\thymeleaf-spring5-3.0.11.RELEASE.jar;D:\.m2\org\thymeleaf\thymeleaf\3.0.11.RELEASE\thymeleaf-3.0.11.RELEASE.jar;D:\.m2\org\attoparser\attoparser\2.0.5.RELEASE\attoparser-2.0.5.RELEASE.jar;D:\.m2\org\unbescape\unbescape\1.1.6.RELEASE\unbescape-1.1.6.RELEASE.jar;D:\.m2\org\slf4j\slf4j-api\1.7.30\slf4j-api-1.7.30.jar;D:\.m2\org\thymeleaf\extras\thymeleaf-extras-java8time\3.0.4.RELEASE\thymeleaf-extras-java8time-3.0.4.RELEASE.jar;D:\.m2\org\springframework\boot\spring-boot-starter-web-services\2.3.4.RELEASE\spring-boot-starter-web-services-2.3.4.RELEASE.jar;D:\.m2\org\springframework\boot\spring-boot-starter-web\2.3.4.RELEASE\spring-boot-starter-web-2.3.4.RELEASE.jar;D:\.m2\org\springframework\boot\spring-boot-starter-json\2.3.4.RELEASE\spring-boot-starter-json-2.3.4.RELEASE.jar;D:\.m2\com\fasterxml\jackson\core\jackson-databind\2.11.2\jackson-databind-2.11.2.jar;D:\.m2\com\fasterxml\jackson\core\jackson-annotations\2.11.2\jackson-annotations-2.11.2.jar;D:\.m2\com\fasterxml\jackson\core\jackson-core\2.11.2\jackson-core-2.11.2.jar;D:\.m2\com\fasterxml\jackson\datatype\jackson-datatype-jdk8\2.11.2\jackson-datatype-jdk8-2.11.2.jar;D:\.m2\com\fasterxml\jackson\datatype\jackson-datatype-jsr310\2.11.2\jackson-datatype-jsr310-2.11.2.jar;D:\.m2\com\fasterxml\jackson\module\jackson-module-parameter-names\2.11.2\jackson-module-parameter-names-2.11.2.jar;D:\.m2\org\springframework\boot\spring-boot-starter-tomcat\2.3.4.RELEASE\spring-boot-starter-tomcat-2.3.4.RELEASE.jar;D:\.m2\org\apache\tomcat\embed\tomcat-embed-core\9.0.38\tomcat-embed-core-9.0.38.jar;D:\.m2\org\apache\tomcat\embed\tomcat-embed-websocket\9.0.38\tomcat-embed-websocket-9.0.38.jar;D:\.m2\org\springframework\spring-web\5.2.9.RELEASE\spring-web-5.2.9.RELEASE.jar;D:\.m2\org\springframework\spring-webmvc\5.2.9.RELEASE\spring-webmvc-5.2.9.RELEASE.jar;D:\.m2\com\sun\xml\messaging\saaj\saaj-impl\1.5.2\saaj-impl-1.5.2.jar;D:\.m2\jakarta\xml\soap\jakarta.xml.soap-api\1.4.2\jakarta.xml.soap-api-1.4.2.jar;D:\.m2\org\jvnet\staxex\stax-ex\1.8.3\stax-ex-1.8.3.jar;D:\.m2\com\sun\activation\jakarta.activation\1.2.2\jakarta.activation-1.2.2.jar;D:\.m2\jakarta\xml\ws\jakarta.xml.ws-api\2.3.3\jakarta.xml.ws-api-2.3.3.jar;D:\.m2\jakarta\jws\jakarta.jws-api\2.1.0\jakarta.jws-api-2.1.0.jar;D:\.m2\org\springframework\spring-oxm\5.2.9.RELEASE\spring-oxm-5.2.9.RELEASE.jar;D:\.m2\org\springframework\spring-beans\5.2.9.RELEASE\spring-beans-5.2.9.RELEASE.jar;D:\.m2\org\springframework\ws\spring-ws-core\3.0.10.RELEASE\spring-ws-core-3.0.10.RELEASE.jar;D:\.m2\org\springframework\ws\spring-xml\3.0.10.RELEASE\spring-xml-3.0.10.RELEASE.jar;D:\.m2\org\springframework\boot\spring-boot-devtools\2.3.4.RELEASE\spring-boot-devtools-2.3.4.RELEASE.jar;D:\.m2\org\springframework\boot\spring-boot\2.3.4.RELEASE\spring-boot-2.3.4.RELEASE.jar;D:\.m2\org\springframework\spring-context\5.2.9.RELEASE\spring-context-5.2.9.RELEASE.jar;D:\.m2\org\springframework\boot\spring-boot-autoconfigure\2.3.4.RELEASE\spring-boot-autoconfigure-2.3.4.RELEASE.jar;D:\.m2\org\projectlombok\lombok\1.18.12\lombok-1.18.12.jar;D:\.m2\org\springframework\boot\spring-boot-starter-test\2.3.4.RELEASE\spring-boot-starter-test-2.3.4.RELEASE.jar;D:\.m2\org\springframework\boot\spring-boot-test\2.3.4.RELEASE\spring-boot-test-2.3.4.RELEASE.jar;D:\.m2\org\springframework\boot\spring-boot-test-autoconfigure\2.3.4.RELEASE\spring-boot-test-autoconfigure-2.3.4.RELEASE.jar;D:\.m2\com\jayway\jsonpath\json-path\2.4.0\json-path-2.4.0.jar;D:\.m2\net\minidev\json-smart\2.3\json-smart-2.3.jar;D:\.m2\net\minidev\accessors-smart\1.2\accessors-smart-1.2.jar;D:\.m2\org\ow2\asm\asm\5.0.4\asm-5.0.4.jar;D:\.m2\jakarta\xml\bind\jakarta.xml.bind-api\2.3.3\jakarta.xml.bind-api-2.3.3.jar;D:\.m2\jakarta\activation\jakarta.activation-api\1.2.2\jakarta.activation-api-1.2.2.jar;D:\.m2\org\assertj\assertj-core\3.16.1\assertj-core-3.16.1.jar;D:\.m2\org\hamcrest\hamcrest\2.2\hamcrest-2.2.jar;D:\.m2\org\junit\jupiter\junit-jupiter\5.6.2\junit-jupiter-5.6.2.jar;D:\.m2\org\junit\jupiter\junit-jupiter-api\5.6.2\junit-jupiter-api-5.6.2.jar;D:\.m2\org\apiguardian\apiguardian-api\1.1.0\apiguardian-api-1.1.0.jar;D:\.m2\org\opentest4j\opentest4j\1.2.0\opentest4j-1.2.0.jar;D:\.m2\org\junit\platform\junit-platform-commons\1.6.2\junit-platform-commons-1.6.2.jar;D:\.m2\org\junit\jupiter\junit-jupiter-params\5.6.2\junit-jupiter-params-5.6.2.jar;D:\.m2\org\junit\jupiter\junit-jupiter-engine\5.6.2\junit-jupiter-engine-5.6.2.jar;D:\.m2\org\junit\platform\junit-platform-engine\1.6.2\junit-platform-engine-1.6.2.jar;D:\.m2\org\mockito\mockito-core\3.3.3\mockito-core-3.3.3.jar;D:\.m2\net\bytebuddy\byte-buddy\1.10.14\byte-buddy-1.10.14.jar;D:\.m2\net\bytebuddy\byte-buddy-agent\1.10.14\byte-buddy-agent-1.10.14.jar;D:\.m2\org\objenesis\objenesis\2.6\objenesis-2.6.jar;D:\.m2\org\mockito\mockito-junit-jupiter\3.3.3\mockito-junit-jupiter-3.3.3.jar;D:\.m2\org\skyscreamer\jsonassert\1.5.0\jsonassert-1.5.0.jar;D:\.m2\com\vaadin\external\google\android-json\0.0.20131108.vaadin1\android-json-0.0.20131108.vaadin1.jar;D:\.m2\org\springframework\spring-core\5.2.9.RELEASE\spring-core-5.2.9.RELEASE.jar;D:\.m2\org\springframework\spring-jcl\5.2.9.RELEASE\spring-jcl-5.2.9.RELEASE.jar;D:\.m2\org\springframework\spring-test\5.2.9.RELEASE\spring-test-5.2.9.RELEASE.jar;D:\.m2\org\xmlunit\xmlunit-core\2.7.0\xmlunit-core-2.7.0.jar;D:\.m2\junit\junit\4.13\junit-4.13.jar;D:\.m2\org\hamcrest\hamcrest-core\2.2\hamcrest-core-2.2.jar;D:\.m2\org\springframework\boot\spring-boot-starter-validation\2.3.4.RELEASE\spring-boot-starter-validation-2.3.4.RELEASE.jar;D:\.m2\org\glassfish\jakarta.el\3.0.3\jakarta.el-3.0.3.jar;D:\.m2\org\hibernate\validator\hibernate-validator\6.1.5.Final\hibernate-validator-6.1.5.Final.jar;D:\.m2\jakarta\validation\jakarta.validation-api\2.0.2\jakarta.validation-api-2.0.2.jar;D:\.m2\org\jboss\logging\jboss-logging\3.4.1.Final\jboss-logging-3.4.1.Final.jar;D:\.m2\com\fasterxml\classmate\1.5.1\classmate-1.5.1.jar;D:\.m2\mysql\mysql-connector-java\8.0.21\mysql-connector-java-8.0.21.jar;D:\.m2\org\springframework\boot\spring-boot-starter-jdbc\2.3.4.RELEASE\spring-boot-starter-jdbc-2.3.4.RELEASE.jar;D:\.m2\com\zaxxer\HikariCP\3.4.5\HikariCP-3.4.5.jar;D:\.m2\org\springframework\spring-jdbc\5.2.9.RELEASE\spring-jdbc-5.2.9.RELEASE.jar;D:\.m2\org\springframework\spring-tx\5.2.9.RELEASE\spring-tx-5.2.9.RELEASE.jar;D:\.m2\org\mybatis\spring\boot\mybatis-spring-boot-starter\2.1.3\mybatis-spring-boot-starter-2.1.3.jar;D:\.m2\org\mybatis\spring\boot\mybatis-spring-boot-autoconfigure\2.1.3\mybatis-spring-boot-autoconfigure-2.1.3.jar;D:\.m2\org\mybatis\mybatis\3.5.5\mybatis-3.5.5.jar;D:\.m2\org\mybatis\mybatis-spring\2.0.5\mybatis-spring-2.0.5.jar;D:\.m2\org\springframework\boot\spring-boot-starter-data-redis\2.3.4.RELEASE\spring-boot-starter-data-redis-2.3.4.RELEASE.jar;D:\.m2\org\springframework\data\spring-data-redis\2.3.4.RELEASE\spring-data-redis-2.3.4.RELEASE.jar;D:\.m2\org\springframework\data\spring-data-keyvalue\2.3.4.RELEASE\spring-data-keyvalue-2.3.4.RELEASE.jar;D:\.m2\org\springframework\data\spring-data-commons\2.3.4.RELEASE\spring-data-commons-2.3.4.RELEASE.jar;D:\.m2\org\springframework\spring-context-support\5.2.9.RELEASE\spring-context-support-5.2.9.RELEASE.jar;D:\.m2\io\lettuce\lettuce-core\5.3.4.RELEASE\lettuce-core-5.3.4.RELEASE.jar;D:\.m2\io\netty\netty-common\4.1.52.Final\netty-common-4.1.52.Final.jar;D:\.m2\io\netty\netty-handler\4.1.52.Final\netty-handler-4.1.52.Final.jar;D:\.m2\io\netty\netty-resolver\4.1.52.Final\netty-resolver-4.1.52.Final.jar;D:\.m2\io\netty\netty-buffer\4.1.52.Final\netty-buffer-4.1.52.Final.jar;D:\.m2\io\netty\netty-codec\4.1.52.Final\netty-codec-4.1.52.Final.jar;D:\.m2\io\netty\netty-transport\4.1.52.Final\netty-transport-4.1.52.Final.jar;D:\.m2\io\projectreactor\reactor-core\3.3.10.RELEASE\reactor-core-3.3.10.RELEASE.jar;D:\.m2\org\reactivestreams\reactive-streams\1.0.3\reactive-streams-1.0.3.jar;D:\.m2\org\springframework\boot\spring-boot-starter-amqp\2.3.4.RELEASE\spring-boot-starter-amqp-2.3.4.RELEASE.jar;D:\.m2\org\springframework\spring-messaging\5.2.9.RELEASE\spring-messaging-5.2.9.RELEASE.jar;D:\.m2\org\springframework\amqp\spring-rabbit\2.2.11.RELEASE\spring-rabbit-2.2.11.RELEASE.jar;D:\.m2\com\rabbitmq\amqp-client\5.9.0\amqp-client-5.9.0.jar;D:\.m2\org\springframework\amqp\spring-amqp\2.2.11.RELEASE\spring-amqp-2.2.11.RELEASE.jar;D:\.m2\org\springframework\retry\spring-retry\1.2.5.RELEASE\spring-retry-1.2.5.RELEASE.jar;D:\.m2\org\springframework\boot\spring-boot-starter-security\2.3.4.RELEASE\spring-boot-starter-security-2.3.4.RELEASE.jar;D:\.m2\org\springframework\spring-aop\5.2.9.RELEASE\spring-aop-5.2.9.RELEASE.jar;D:\.m2\org\springframework\security\spring-security-config\5.3.4.RELEASE\spring-security-config-5.3.4.RELEASE.jar;D:\.m2\org\springframework\security\spring-security-core\5.3.4.RELEASE\spring-security-core-5.3.4.RELEASE.jar;D:\.m2\org\springframework\security\spring-security-web\5.3.4.RELEASE\spring-security-web-5.3.4.RELEASE.jar;D:\.m2\org\springframework\spring-expression\5.2.9.RELEASE\spring-expression-5.2.9.RELEASE.jar;D:\.m2\com\alibaba\fastjson\1.2.74\fastjson-1.2.74.jar;"/>
    <property name="java.vm.vendor" value="Oracle Corporation"/>
    <property name="sun.arch.data.model" value="64"/>
    <property name="user.variant" value=""/>
    <property name="java.vendor.url" value="http://java.oracle.com/"/>
    <property name="user.timezone" value="Asia/Shanghai"/>
    <property name="java.vm.specification.version" value="1.8"/>
    <property name="os.name" value="Windows 10"/>
    <property name="user.country" value="CN"/>
    <property name="sun.java.launcher" value="SUN_STANDARD"/>
    <property name="sun.boot.library.path" value="D:\jdk\jre\bin"/>
    <property name="sun.java.command" value="C:\Users\yuxin\AppData\Local\Temp\surefire2215890805185327045\surefirebooter4786183842186188657.jar C:\Users\yuxin\AppData\Local\Temp\surefire2215890805185327045 2020-10-24T23-00-28_876-jvmRun1 surefire1156631221470579930tmp surefire_0434183621731834371tmp"/>
    <property name="test" value="SpringbootApplicationTests"/>
    <property name="surefire.test.class.path" value="D:\new-station\springboot\target\test-classes;D:\new-station\springboot\target\classes;D:\.m2\org\springframework\boot\spring-boot-starter-thymeleaf\2.3.4.RELEASE\spring-boot-starter-thymeleaf-2.3.4.RELEASE.jar;D:\.m2\org\springframework\boot\spring-boot-starter\2.3.4.RELEASE\spring-boot-starter-2.3.4.RELEASE.jar;D:\.m2\org\springframework\boot\spring-boot-starter-logging\2.3.4.RELEASE\spring-boot-starter-logging-2.3.4.RELEASE.jar;D:\.m2\ch\qos\logback\logback-classic\1.2.3\logback-classic-1.2.3.jar;D:\.m2\ch\qos\logback\logback-core\1.2.3\logback-core-1.2.3.jar;D:\.m2\org\apache\logging\log4j\log4j-to-slf4j\2.13.3\log4j-to-slf4j-2.13.3.jar;D:\.m2\org\apache\logging\log4j\log4j-api\2.13.3\log4j-api-2.13.3.jar;D:\.m2\org\slf4j\jul-to-slf4j\1.7.30\jul-to-slf4j-1.7.30.jar;D:\.m2\jakarta\annotation\jakarta.annotation-api\1.3.5\jakarta.annotation-api-1.3.5.jar;D:\.m2\org\yaml\snakeyaml\1.26\snakeyaml-1.26.jar;D:\.m2\org\thymeleaf\thymeleaf-spring5\3.0.11.RELEASE\thymeleaf-spring5-3.0.11.RELEASE.jar;D:\.m2\org\thymeleaf\thymeleaf\3.0.11.RELEASE\thymeleaf-3.0.11.RELEASE.jar;D:\.m2\org\attoparser\attoparser\2.0.5.RELEASE\attoparser-2.0.5.RELEASE.jar;D:\.m2\org\unbescape\unbescape\1.1.6.RELEASE\unbescape-1.1.6.RELEASE.jar;D:\.m2\org\slf4j\slf4j-api\1.7.30\slf4j-api-1.7.30.jar;D:\.m2\org\thymeleaf\extras\thymeleaf-extras-java8time\3.0.4.RELEASE\thymeleaf-extras-java8time-3.0.4.RELEASE.jar;D:\.m2\org\springframework\boot\spring-boot-starter-web-services\2.3.4.RELEASE\spring-boot-starter-web-services-2.3.4.RELEASE.jar;D:\.m2\org\springframework\boot\spring-boot-starter-web\2.3.4.RELEASE\spring-boot-starter-web-2.3.4.RELEASE.jar;D:\.m2\org\springframework\boot\spring-boot-starter-json\2.3.4.RELEASE\spring-boot-starter-json-2.3.4.RELEASE.jar;D:\.m2\com\fasterxml\jackson\core\jackson-databind\2.11.2\jackson-databind-2.11.2.jar;D:\.m2\com\fasterxml\jackson\core\jackson-annotations\2.11.2\jackson-annotations-2.11.2.jar;D:\.m2\com\fasterxml\jackson\core\jackson-core\2.11.2\jackson-core-2.11.2.jar;D:\.m2\com\fasterxml\jackson\datatype\jackson-datatype-jdk8\2.11.2\jackson-datatype-jdk8-2.11.2.jar;D:\.m2\com\fasterxml\jackson\datatype\jackson-datatype-jsr310\2.11.2\jackson-datatype-jsr310-2.11.2.jar;D:\.m2\com\fasterxml\jackson\module\jackson-module-parameter-names\2.11.2\jackson-module-parameter-names-2.11.2.jar;D:\.m2\org\springframework\boot\spring-boot-starter-tomcat\2.3.4.RELEASE\spring-boot-starter-tomcat-2.3.4.RELEASE.jar;D:\.m2\org\apache\tomcat\embed\tomcat-embed-core\9.0.38\tomcat-embed-core-9.0.38.jar;D:\.m2\org\apache\tomcat\embed\tomcat-embed-websocket\9.0.38\tomcat-embed-websocket-9.0.38.jar;D:\.m2\org\springframework\spring-web\5.2.9.RELEASE\spring-web-5.2.9.RELEASE.jar;D:\.m2\org\springframework\spring-webmvc\5.2.9.RELEASE\spring-webmvc-5.2.9.RELEASE.jar;D:\.m2\com\sun\xml\messaging\saaj\saaj-impl\1.5.2\saaj-impl-1.5.2.jar;D:\.m2\jakarta\xml\soap\jakarta.xml.soap-api\1.4.2\jakarta.xml.soap-api-1.4.2.jar;D:\.m2\org\jvnet\staxex\stax-ex\1.8.3\stax-ex-1.8.3.jar;D:\.m2\com\sun\activation\jakarta.activation\1.2.2\jakarta.activation-1.2.2.jar;D:\.m2\jakarta\xml\ws\jakarta.xml.ws-api\2.3.3\jakarta.xml.ws-api-2.3.3.jar;D:\.m2\jakarta\jws\jakarta.jws-api\2.1.0\jakarta.jws-api-2.1.0.jar;D:\.m2\org\springframework\spring-oxm\5.2.9.RELEASE\spring-oxm-5.2.9.RELEASE.jar;D:\.m2\org\springframework\spring-beans\5.2.9.RELEASE\spring-beans-5.2.9.RELEASE.jar;D:\.m2\org\springframework\ws\spring-ws-core\3.0.10.RELEASE\spring-ws-core-3.0.10.RELEASE.jar;D:\.m2\org\springframework\ws\spring-xml\3.0.10.RELEASE\spring-xml-3.0.10.RELEASE.jar;D:\.m2\org\springframework\boot\spring-boot-devtools\2.3.4.RELEASE\spring-boot-devtools-2.3.4.RELEASE.jar;D:\.m2\org\springframework\boot\spring-boot\2.3.4.RELEASE\spring-boot-2.3.4.RELEASE.jar;D:\.m2\org\springframework\spring-context\5.2.9.RELEASE\spring-context-5.2.9.RELEASE.jar;D:\.m2\org\springframework\boot\spring-boot-autoconfigure\2.3.4.RELEASE\spring-boot-autoconfigure-2.3.4.RELEASE.jar;D:\.m2\org\projectlombok\lombok\1.18.12\lombok-1.18.12.jar;D:\.m2\org\springframework\boot\spring-boot-starter-test\2.3.4.RELEASE\spring-boot-starter-test-2.3.4.RELEASE.jar;D:\.m2\org\springframework\boot\spring-boot-test\2.3.4.RELEASE\spring-boot-test-2.3.4.RELEASE.jar;D:\.m2\org\springframework\boot\spring-boot-test-autoconfigure\2.3.4.RELEASE\spring-boot-test-autoconfigure-2.3.4.RELEASE.jar;D:\.m2\com\jayway\jsonpath\json-path\2.4.0\json-path-2.4.0.jar;D:\.m2\net\minidev\json-smart\2.3\json-smart-2.3.jar;D:\.m2\net\minidev\accessors-smart\1.2\accessors-smart-1.2.jar;D:\.m2\org\ow2\asm\asm\5.0.4\asm-5.0.4.jar;D:\.m2\jakarta\xml\bind\jakarta.xml.bind-api\2.3.3\jakarta.xml.bind-api-2.3.3.jar;D:\.m2\jakarta\activation\jakarta.activation-api\1.2.2\jakarta.activation-api-1.2.2.jar;D:\.m2\org\assertj\assertj-core\3.16.1\assertj-core-3.16.1.jar;D:\.m2\org\hamcrest\hamcrest\2.2\hamcrest-2.2.jar;D:\.m2\org\junit\jupiter\junit-jupiter\5.6.2\junit-jupiter-5.6.2.jar;D:\.m2\org\junit\jupiter\junit-jupiter-api\5.6.2\junit-jupiter-api-5.6.2.jar;D:\.m2\org\apiguardian\apiguardian-api\1.1.0\apiguardian-api-1.1.0.jar;D:\.m2\org\opentest4j\opentest4j\1.2.0\opentest4j-1.2.0.jar;D:\.m2\org\junit\platform\junit-platform-commons\1.6.2\junit-platform-commons-1.6.2.jar;D:\.m2\org\junit\jupiter\junit-jupiter-params\5.6.2\junit-jupiter-params-5.6.2.jar;D:\.m2\org\junit\jupiter\junit-jupiter-engine\5.6.2\junit-jupiter-engine-5.6.2.jar;D:\.m2\org\junit\platform\junit-platform-engine\1.6.2\junit-platform-engine-1.6.2.jar;D:\.m2\org\mockito\mockito-core\3.3.3\mockito-core-3.3.3.jar;D:\.m2\net\bytebuddy\byte-buddy\1.10.14\byte-buddy-1.10.14.jar;D:\.m2\net\bytebuddy\byte-buddy-agent\1.10.14\byte-buddy-agent-1.10.14.jar;D:\.m2\org\objenesis\objenesis\2.6\objenesis-2.6.jar;D:\.m2\org\mockito\mockito-junit-jupiter\3.3.3\mockito-junit-jupiter-3.3.3.jar;D:\.m2\org\skyscreamer\jsonassert\1.5.0\jsonassert-1.5.0.jar;D:\.m2\com\vaadin\external\google\android-json\0.0.20131108.vaadin1\android-json-0.0.20131108.vaadin1.jar;D:\.m2\org\springframework\spring-core\5.2.9.RELEASE\spring-core-5.2.9.RELEASE.jar;D:\.m2\org\springframework\spring-jcl\5.2.9.RELEASE\spring-jcl-5.2.9.RELEASE.jar;D:\.m2\org\springframework\spring-test\5.2.9.RELEASE\spring-test-5.2.9.RELEASE.jar;D:\.m2\org\xmlunit\xmlunit-core\2.7.0\xmlunit-core-2.7.0.jar;D:\.m2\junit\junit\4.13\junit-4.13.jar;D:\.m2\org\hamcrest\hamcrest-core\2.2\hamcrest-core-2.2.jar;D:\.m2\org\springframework\boot\spring-boot-starter-validation\2.3.4.RELEASE\spring-boot-starter-validation-2.3.4.RELEASE.jar;D:\.m2\org\glassfish\jakarta.el\3.0.3\jakarta.el-3.0.3.jar;D:\.m2\org\hibernate\validator\hibernate-validator\6.1.5.Final\hibernate-validator-6.1.5.Final.jar;D:\.m2\jakarta\validation\jakarta.validation-api\2.0.2\jakarta.validation-api-2.0.2.jar;D:\.m2\org\jboss\logging\jboss-logging\3.4.1.Final\jboss-logging-3.4.1.Final.jar;D:\.m2\com\fasterxml\classmate\1.5.1\classmate-1.5.1.jar;D:\.m2\mysql\mysql-connector-java\8.0.21\mysql-connector-java-8.0.21.jar;D:\.m2\org\springframework\boot\spring-boot-starter-jdbc\2.3.4.RELEASE\spring-boot-starter-jdbc-2.3.4.RELEASE.jar;D:\.m2\com\zaxxer\HikariCP\3.4.5\HikariCP-3.4.5.jar;D:\.m2\org\springframework\spring-jdbc\5.2.9.RELEASE\spring-jdbc-5.2.9.RELEASE.jar;D:\.m2\org\springframework\spring-tx\5.2.9.RELEASE\spring-tx-5.2.9.RELEASE.jar;D:\.m2\org\mybatis\spring\boot\mybatis-spring-boot-starter\2.1.3\mybatis-spring-boot-starter-2.1.3.jar;D:\.m2\org\mybatis\spring\boot\mybatis-spring-boot-autoconfigure\2.1.3\mybatis-spring-boot-autoconfigure-2.1.3.jar;D:\.m2\org\mybatis\mybatis\3.5.5\mybatis-3.5.5.jar;D:\.m2\org\mybatis\mybatis-spring\2.0.5\mybatis-spring-2.0.5.jar;D:\.m2\org\springframework\boot\spring-boot-starter-data-redis\2.3.4.RELEASE\spring-boot-starter-data-redis-2.3.4.RELEASE.jar;D:\.m2\org\springframework\data\spring-data-redis\2.3.4.RELEASE\spring-data-redis-2.3.4.RELEASE.jar;D:\.m2\org\springframework\data\spring-data-keyvalue\2.3.4.RELEASE\spring-data-keyvalue-2.3.4.RELEASE.jar;D:\.m2\org\springframework\data\spring-data-commons\2.3.4.RELEASE\spring-data-commons-2.3.4.RELEASE.jar;D:\.m2\org\springframework\spring-context-support\5.2.9.RELEASE\spring-context-support-5.2.9.RELEASE.jar;D:\.m2\io\lettuce\lettuce-core\5.3.4.RELEASE\lettuce-core-5.3.4.RELEASE.jar;D:\.m2\io\netty\netty-common\4.1.52.Final\netty-common-4.1.52.Final.jar;D:\.m2\io\netty\netty-handler\4.1.52.Final\netty-handler-4.1.52.Final.jar;D:\.m2\io\netty\netty-resolver\4.1.52.Final\netty-resolver-4.1.52.Final.jar;D:\.m2\io\netty\netty-buffer\4.1.52.Final\netty-buffer-4.1.52.Final.jar;D:\.m2\io\netty\netty-codec\4.1.52.Final\netty-codec-4.1.52.Final.jar;D:\.m2\io\netty\netty-transport\4.1.52.Final\netty-transport-4.1.52.Final.jar;D:\.m2\io\projectreactor\reactor-core\3.3.10.RELEASE\reactor-core-3.3.10.RELEASE.jar;D:\.m2\org\reactivestreams\reactive-streams\1.0.3\reactive-streams-1.0.3.jar;D:\.m2\org\springframework\boot\spring-boot-starter-amqp\2.3.4.RELEASE\spring-boot-starter-amqp-2.3.4.RELEASE.jar;D:\.m2\org\springframework\spring-messaging\5.2.9.RELEASE\spring-messaging-5.2.9.RELEASE.jar;D:\.m2\org\springframework\amqp\spring-rabbit\2.2.11.RELEASE\spring-rabbit-2.2.11.RELEASE.jar;D:\.m2\com\rabbitmq\amqp-client\5.9.0\amqp-client-5.9.0.jar;D:\.m2\org\springframework\amqp\spring-amqp\2.2.11.RELEASE\spring-amqp-2.2.11.RELEASE.jar;D:\.m2\org\springframework\retry\spring-retry\1.2.5.RELEASE\spring-retry-1.2.5.RELEASE.jar;D:\.m2\org\springframework\boot\spring-boot-starter-security\2.3.4.RELEASE\spring-boot-starter-security-2.3.4.RELEASE.jar;D:\.m2\org\springframework\spring-aop\5.2.9.RELEASE\spring-aop-5.2.9.RELEASE.jar;D:\.m2\org\springframework\security\spring-security-config\5.3.4.RELEASE\spring-security-config-5.3.4.RELEASE.jar;D:\.m2\org\springframework\security\spring-security-core\5.3.4.RELEASE\spring-security-core-5.3.4.RELEASE.jar;D:\.m2\org\springframework\security\spring-security-web\5.3.4.RELEASE\spring-security-web-5.3.4.RELEASE.jar;D:\.m2\org\springframework\spring-expression\5.2.9.RELEASE\spring-expression-5.2.9.RELEASE.jar;D:\.m2\com\alibaba\fastjson\1.2.74\fastjson-1.2.74.jar;"/>
    <property name="sun.cpu.endian" value="little"/>
    <property name="user.home" value="C:\Users\yuxin"/>
    <property name="user.language" value="zh"/>
    <property name="java.specification.vendor" value="Oracle Corporation"/>
    <property name="java.home" value="D:\jdk\jre"/>
    <property name="basedir" value="D:\new-station\springboot"/>
    <property name="file.separator" value="\"/>
    <property name="line.separator" value="&#10;"/>
    <property name="java.vm.specification.vendor" value="Oracle Corporation"/>
    <property name="java.specification.name" value="Java Platform API Specification"/>
    <property name="java.awt.graphicsenv" value="sun.awt.Win32GraphicsEnvironment"/>
    <property name="surefire.real.class.path" value="C:\Users\yuxin\AppData\Local\Temp\surefire2215890805185327045\surefirebooter4786183842186188657.jar"/>
    <property name="sun.boot.class.path" value="D:\jdk\jre\lib\resources.jar;D:\jdk\jre\lib\rt.jar;D:\jdk\jre\lib\sunrsasign.jar;D:\jdk\jre\lib\jsse.jar;D:\jdk\jre\lib\jce.jar;D:\jdk\jre\lib\charsets.jar;D:\jdk\jre\lib\jfr.jar;D:\jdk\jre\classes"/>
    <property name="user.script" value=""/>
    <property name="sun.management.compiler" value="HotSpot 64-Bit Tiered Compilers"/>
    <property name="java.runtime.version" value="1.8.0_201-b09"/>
    <property name="user.name" value="yuxin"/>
    <property name="path.separator" value=";"/>
    <property name="os.version" value="10.0"/>
    <property name="java.endorsed.dirs" value="D:\jdk\jre\lib\endorsed"/>
    <property name="java.runtime.name" value="Java(TM) SE Runtime Environment"/>
    <property name="file.encoding" value="GBK"/>
    <property name="java.vm.name" value="Java HotSpot(TM) 64-Bit Server VM"/>
    <property name="localRepository" value="D:\.m2"/>
    <property name="java.vendor.url.bug" value="http://bugreport.sun.com/bugreport/"/>
    <property name="java.io.tmpdir" value="C:\Users\yuxin\AppData\Local\Temp\"/>
    <property name="java.version" value="1.8.0_201"/>
    <property name="user.dir" value="D:\new-station\springboot"/>
    <property name="os.arch" value="amd64"/>
    <property name="java.vm.specification.name" value="Java Virtual Machine Specification"/>
    <property name="java.awt.printerjob" value="sun.awt.windows.WPrinterJob"/>
    <property name="sun.os.patch.level" value=""/>
    <property name="java.library.path" value="D:\jdk\jre\bin;C:\WINDOWS\Sun\Java\bin;C:\WINDOWS\system32;C:\WINDOWS;C:\Program Files (x86)\Common Files\Oracle\Java\javapath;C:\Windows\system32;C:\Windows;C:\Windows\System32\Wbem;C:\Windows\System32\WindowsPowerShell\v1.0\;C:\Windows\System32\OpenSSH\;C:\WINDOWS\system32;C:\WINDOWS;C:\WINDOWS\System32\Wbem;C:\WINDOWS\System32\WindowsPowerShell\v1.0\;C:\WINDOWS\System32\OpenSSH\;C:\Program Files\NVIDIA Corporation\NVIDIA NvDLISR;D:\jdk\bin;D:\apache-maven-3.6.3\bin;D:\Git\cmd;C:\Program Files\MySQL\MySQL Shell 8.0\bin\;."/>
    <property name="java.vm.info" value="mixed mode"/>
    <property name="java.vendor" value="Oracle Corporation"/>
    <property name="java.vm.version" value="25.201-b09"/>
    <property name="java.ext.dirs" value="D:\jdk\jre\lib\ext;C:\WINDOWS\Sun\Java\lib\ext"/>
    <property name="sun.io.unicode.encoding" value="UnicodeLittle"/>
    <property name="java.class.version" value="52.0"/>
  </properties>
  <testcase name="contextLoadsTest" classname="com.tom.springboot.SpringbootApplicationTests" time="0.572">
    <error message="nested exception is org.apache.ibatis.executor.result.ResultMapException: Error attempting to get column &apos;type&apos; from result set.  Cause: java.lang.NumberFormatException: For input string: &quot;PROTEIN&quot;" type="org.mybatis.spring.MyBatisSystemException">org.mybatis.spring.MyBatisSystemException: nested exception is org.apache.ibatis.executor.result.ResultMapException: Error attempting to get column 'type' from result set.  Cause: java.lang.NumberFormatException: For input string: "PROTEIN"
	at com.tom.springboot.SpringbootApplicationTests.contextLoadsTest(SpringbootApplicationTests.java:19)
Caused by: org.apache.ibatis.executor.result.ResultMapException: Error attempting to get column 'type' from result set.  Cause: java.lang.NumberFormatException: For input string: "PROTEIN"
	at com.tom.springboot.SpringbootApplicationTests.contextLoadsTest(SpringbootApplicationTests.java:19)
Caused by: java.lang.NumberFormatException: For input string: "PROTEIN"
	at com.tom.springboot.SpringbootApplicationTests.contextLoadsTest(SpringbootApplicationTests.java:19)
</error>
    <system-out><![CDATA[23:00:31.297 [main] DEBUG org.springframework.test.context.BootstrapUtils - Instantiating CacheAwareContextLoaderDelegate from class [org.springframework.test.context.cache.DefaultCacheAwareContextLoaderDelegate]
23:00:31.326 [main] DEBUG org.springframework.test.context.BootstrapUtils - Instantiating BootstrapContext using constructor [public org.springframework.test.context.support.DefaultBootstrapContext(java.lang.Class,org.springframework.test.context.CacheAwareContextLoaderDelegate)]
23:00:31.370 [main] DEBUG org.springframework.test.context.BootstrapUtils - Instantiating TestContextBootstrapper for test class [com.tom.springboot.SpringbootApplicationTests] from class [org.springframework.boot.test.context.SpringBootTestContextBootstrapper]
23:00:31.403 [main] INFO org.springframework.boot.test.context.SpringBootTestContextBootstrapper - Neither @ContextConfiguration nor @ContextHierarchy found for test class [com.tom.springboot.SpringbootApplicationTests], using SpringBootContextLoader
23:00:31.410 [main] DEBUG org.springframework.test.context.support.AbstractContextLoader - Did not detect default resource location for test class [com.tom.springboot.SpringbootApplicationTests]: class path resource [com/tom/springboot/SpringbootApplicationTests-context.xml] does not exist
23:00:31.410 [main] DEBUG org.springframework.test.context.support.AbstractContextLoader - Did not detect default resource location for test class [com.tom.springboot.SpringbootApplicationTests]: class path resource [com/tom/springboot/SpringbootApplicationTestsContext.groovy] does not exist
23:00:31.411 [main] INFO org.springframework.test.context.support.AbstractContextLoader - Could not detect default resource locations for test class [com.tom.springboot.SpringbootApplicationTests]: no resource found for suffixes {-context.xml, Context.groovy}.
23:00:31.412 [main] INFO org.springframework.test.context.support.AnnotationConfigContextLoaderUtils - Could not detect default configuration classes for test class [com.tom.springboot.SpringbootApplicationTests]: SpringbootApplicationTests does not declare any static, non-private, non-final, nested classes annotated with @Configuration.
23:00:31.496 [main] DEBUG org.springframework.test.context.support.ActiveProfilesUtils - Could not find an 'annotation declaring class' for annotation type [org.springframework.test.context.ActiveProfiles] and class [com.tom.springboot.SpringbootApplicationTests]
23:00:31.626 [main] DEBUG org.springframework.context.annotation.ClassPathScanningCandidateComponentProvider - Identified candidate component class: file [D:\new-station\springboot\target\classes\com\tom\springboot\SpringbootApplication.class]
23:00:31.628 [main] INFO org.springframework.boot.test.context.SpringBootTestContextBootstrapper - Found @SpringBootConfiguration com.tom.springboot.SpringbootApplication for test class com.tom.springboot.SpringbootApplicationTests
23:00:31.784 [main] DEBUG org.springframework.boot.test.context.SpringBootTestContextBootstrapper - @TestExecutionListeners is not present for class [com.tom.springboot.SpringbootApplicationTests]: using defaults.
23:00:31.785 [main] INFO org.springframework.boot.test.context.SpringBootTestContextBootstrapper - Loaded default TestExecutionListener class names from location [META-INF/spring.factories]: [org.springframework.boot.test.mock.mockito.MockitoTestExecutionListener, org.springframework.boot.test.mock.mockito.ResetMocksTestExecutionListener, org.springframework.boot.test.autoconfigure.restdocs.RestDocsTestExecutionListener, org.springframework.boot.test.autoconfigure.web.client.MockRestServiceServerResetTestExecutionListener, org.springframework.boot.test.autoconfigure.web.servlet.MockMvcPrintOnlyOnFailureTestExecutionListener, org.springframework.boot.test.autoconfigure.web.servlet.WebDriverTestExecutionListener, org.springframework.boot.test.autoconfigure.webservices.client.MockWebServiceServerTestExecutionListener, org.springframework.test.context.web.ServletTestExecutionListener, org.springframework.test.context.support.DirtiesContextBeforeModesTestExecutionListener, org.springframework.test.context.support.DependencyInjectionTestExecutionListener, org.springframework.test.context.support.DirtiesContextTestExecutionListener, org.springframework.test.context.transaction.TransactionalTestExecutionListener, org.springframework.test.context.jdbc.SqlScriptsTestExecutionListener, org.springframework.test.context.event.EventPublishingTestExecutionListener]
23:00:31.819 [main] INFO org.springframework.boot.test.context.SpringBootTestContextBootstrapper - Using TestExecutionListeners: [org.springframework.test.context.web.ServletTestExecutionListener@70ed52de, org.springframework.test.context.support.DirtiesContextBeforeModesTestExecutionListener@496bc455, org.springframework.boot.test.mock.mockito.MockitoTestExecutionListener@59402b8f, org.springframework.boot.test.autoconfigure.SpringBootDependencyInjectionTestExecutionListener@7188af83, org.springframework.test.context.support.DirtiesContextTestExecutionListener@6be968ce, org.springframework.test.context.transaction.TransactionalTestExecutionListener@7c37508a, org.springframework.test.context.jdbc.SqlScriptsTestExecutionListener@247310d0, org.springframework.test.context.event.EventPublishingTestExecutionListener@1033576a, org.springframework.boot.test.mock.mockito.ResetMocksTestExecutionListener@303cf2ba, org.springframework.boot.test.autoconfigure.restdocs.RestDocsTestExecutionListener@76494737, org.springframework.boot.test.autoconfigure.web.client.MockRestServiceServerResetTestExecutionListener@4a003cbe, org.springframework.boot.test.autoconfigure.web.servlet.MockMvcPrintOnlyOnFailureTestExecutionListener@4082ba93, org.springframework.boot.test.autoconfigure.web.servlet.WebDriverTestExecutionListener@17fc391b, org.springframework.boot.test.autoconfigure.webservices.client.MockWebServiceServerTestExecutionListener@2b30a42c]
23:00:31.828 [main] DEBUG org.springframework.test.context.support.AbstractDirtiesContextTestExecutionListener - Before test class: context [DefaultTestContext@548a24a testClass = SpringbootApplicationTests, testInstance = [null], testMethod = [null], testException = [null], mergedContextConfiguration = [WebMergedContextConfiguration@433defed testClass = SpringbootApplicationTests, locations = '{}', classes = '{class com.tom.springboot.SpringbootApplication}', contextInitializerClasses = '[]', activeProfiles = '{}', propertySourceLocations = '{}', propertySourceProperties = '{org.springframework.boot.test.context.SpringBootTestContextBootstrapper=true}', contextCustomizers = set[org.springframework.boot.test.context.filter.ExcludeFilterContextCustomizer@694abbdc, org.springframework.boot.test.json.DuplicateJsonObjectContextCustomizerFactory$DuplicateJsonObjectContextCustomizer@5ffead27, org.springframework.boot.test.mock.mockito.MockitoContextCustomizer@0, org.springframework.boot.test.web.client.TestRestTemplateContextCustomizer@515aebb0, org.springframework.boot.test.autoconfigure.properties.PropertyMappingContextCustomizer@0, org.springframework.boot.test.autoconfigure.web.servlet.WebDriverContextCustomizerFactory$Customizer@7f3b84b8, org.springframework.boot.test.context.SpringBootTestArgs@1], resourceBasePath = 'src/main/webapp', contextLoader = 'org.springframework.boot.test.context.SpringBootContextLoader', parent = [null]], attributes = map['org.springframework.test.context.web.ServletTestExecutionListener.activateListener' -> true]], class annotated with @DirtiesContext [false] with mode [null].
23:00:31.913 [main] DEBUG org.springframework.test.context.support.TestPropertySourceUtils - Adding inlined properties to environment: {spring.jmx.enabled=false, org.springframework.boot.test.context.SpringBootTestContextBootstrapper=true}

  .   ____          _            __ _ _
 /\\ / ___'_ __ _ _(_)_ __  __ _ \ \ \ \
( ( )\___ | '_ | '_| | '_ \/ _` | \ \ \ \
 \\/  ___)| |_)| | | | | || (_| |  ) ) ) )
  '  |____| .__|_| |_|_| |_\__, | / / / /
 =========|_|==============|___/=/_/_/_/
 :: Spring Boot ::        (v2.3.4.RELEASE)

2020-10-24 23:00:32.537  INFO 9224 --- [           main] c.t.s.SpringbootApplicationTests         : Starting SpringbootApplicationTests on DESKTOP-O7QKDSN with PID 9224 (started by yuxin in D:\new-station\springboot)
2020-10-24 23:00:32.548  INFO 9224 --- [           main] c.t.s.SpringbootApplicationTests         : No active profile set, falling back to default profiles: default
2020-10-24 23:00:33.954  INFO 9224 --- [           main] .s.d.r.c.RepositoryConfigurationDelegate : Multiple Spring Data modules found, entering strict repository configuration mode!
2020-10-24 23:00:33.958  INFO 9224 --- [           main] .s.d.r.c.RepositoryConfigurationDelegate : Bootstrapping Spring Data Redis repositories in DEFAULT mode.
2020-10-24 23:00:34.029  INFO 9224 --- [           main] .s.d.r.c.RepositoryConfigurationDelegate : Finished Spring Data repository scanning in 39ms. Found 0 Redis repository interfaces.
2020-10-24 23:00:34.588  INFO 9224 --- [           main] trationDelegate$BeanPostProcessorChecker : Bean 'org.springframework.ws.config.annotation.DelegatingWsConfiguration' of type [org.springframework.ws.config.annotation.DelegatingWsConfiguration$$EnhancerBySpringCGLIB$$2e00bd40] is not eligible for getting processed by all BeanPostProcessors (for example: not eligible for auto-proxying)
2020-10-24 23:00:34.728  INFO 9224 --- [           main] .w.s.a.s.AnnotationActionEndpointMapping : Supporting [WS-Addressing August 2004, WS-Addressing 1.0]
2020-10-24 23:00:35.364  INFO 9224 --- [           main] com.zaxxer.hikari.HikariDataSource       : HikariPool-1 - Starting...
2020-10-24 23:00:35.673  INFO 9224 --- [           main] com.zaxxer.hikari.HikariDataSource       : HikariPool-1 - Start completed.
2020-10-24 23:00:38.738  INFO 9224 --- [           main] o.s.s.web.DefaultSecurityFilterChain     : Creating filter chain: any request, [org.springframework.security.web.context.request.async.WebAsyncManagerIntegrationFilter@39e53bef, org.springframework.security.web.context.SecurityContextPersistenceFilter@b5ac0c1, org.springframework.security.web.header.HeaderWriterFilter@2a0ea492, org.springframework.security.web.csrf.CsrfFilter@43935e9c, org.springframework.security.web.authentication.logout.LogoutFilter@68ea253b, org.springframework.security.web.authentication.UsernamePasswordAuthenticationFilter@35145874, org.springframework.security.web.savedrequest.RequestCacheAwareFilter@36ad229b, org.springframework.security.web.servletapi.SecurityContextHolderAwareRequestFilter@36f6e521, org.springframework.security.web.authentication.AnonymousAuthenticationFilter@14b275bd, org.springframework.security.web.session.SessionManagementFilter@2e56b4d, org.springframework.security.web.access.ExceptionTranslationFilter@586495f1, org.springframework.security.web.access.intercept.FilterSecurityInterceptor@49580ca8]
2020-10-24 23:00:39.509  INFO 9224 --- [           main] o.s.s.concurrent.ThreadPoolTaskExecutor  : Initializing ExecutorService 'applicationTaskExecutor'
2020-10-24 23:00:40.813  INFO 9224 --- [           main] c.t.s.SpringbootApplicationTests         : Started SpringbootApplicationTests in 8.873 seconds (JVM running for 10.635)
]]></system-out>
  </testcase>
</testsuite>